{"total": {"lines":{"total":1174,"covered":1147,"skipped":0,"pct":97.7},"statements":{"total":1218,"covered":1190,"skipped":0,"pct":97.7},"functions":{"total":293,"covered":291,"skipped":0,"pct":99.31},"branches":{"total":701,"covered":621,"skipped":0,"pct":88.58},"branchesTrue":{"total":0,"covered":0,"skipped":0,"pct":100}}
,"C:\\Users\\Ivanc\\OneDrive\\Escritorio\\projects\\personal\\inversora-api\\src\\modules\\funds\\entities\\fund-chart.mapper.ts": {"lines":{"total":19,"covered":19,"skipped":0,"pct":100},"functions":{"total":5,"covered":5,"skipped":0,"pct":100},"statements":{"total":20,"covered":20,"skipped":0,"pct":100},"branches":{"total":10,"covered":10,"skipped":0,"pct":100}}
,"C:\\Users\\Ivanc\\OneDrive\\Escritorio\\projects\\personal\\inversora-api\\src\\modules\\funds\\entities\\fund-chart.schema.ts": {"lines":{"total":6,"covered":6,"skipped":0,"pct":100},"functions":{"total":0,"covered":0,"skipped":0,"pct":100},"statements":{"total":6,"covered":6,"skipped":0,"pct":100},"branches":{"total":0,"covered":0,"skipped":0,"pct":100}}
,"C:\\Users\\Ivanc\\OneDrive\\Escritorio\\projects\\personal\\inversora-api\\src\\modules\\funds\\entities\\fund-composition.mapper.ts": {"lines":{"total":36,"covered":32,"skipped":0,"pct":88.88},"functions":{"total":10,"covered":10,"skipped":0,"pct":100},"statements":{"total":36,"covered":32,"skipped":0,"pct":88.88},"branches":{"total":24,"covered":21,"skipped":0,"pct":87.5}}
,"C:\\Users\\Ivanc\\OneDrive\\Escritorio\\projects\\personal\\inversora-api\\src\\modules\\funds\\entities\\fund-composition.schema.ts": {"lines":{"total":9,"covered":9,"skipped":0,"pct":100},"functions":{"total":0,"covered":0,"skipped":0,"pct":100},"statements":{"total":9,"covered":9,"skipped":0,"pct":100},"branches":{"total":0,"covered":0,"skipped":0,"pct":100}}
,"C:\\Users\\Ivanc\\OneDrive\\Escritorio\\projects\\personal\\inversora-api\\src\\modules\\funds\\entities\\fund-country-exposure.mapper.ts": {"lines":{"total":4,"covered":4,"skipped":0,"pct":100},"functions":{"total":2,"covered":2,"skipped":0,"pct":100},"statements":{"total":4,"covered":4,"skipped":0,"pct":100},"branches":{"total":0,"covered":0,"skipped":0,"pct":100}}
,"C:\\Users\\Ivanc\\OneDrive\\Escritorio\\projects\\personal\\inversora-api\\src\\modules\\funds\\entities\\fund-country-exposure.schema.ts": {"lines":{"total":7,"covered":7,"skipped":0,"pct":100},"functions":{"total":0,"covered":0,"skipped":0,"pct":100},"statements":{"total":7,"covered":7,"skipped":0,"pct":100},"branches":{"total":0,"covered":0,"skipped":0,"pct":100}}
,"C:\\Users\\Ivanc\\OneDrive\\Escritorio\\projects\\personal\\inversora-api\\src\\modules\\funds\\entities\\fund-holdings.mapper.ts": {"lines":{"total":4,"covered":4,"skipped":0,"pct":100},"functions":{"total":2,"covered":2,"skipped":0,"pct":100},"statements":{"total":4,"covered":4,"skipped":0,"pct":100},"branches":{"total":0,"covered":0,"skipped":0,"pct":100}}
,"C:\\Users\\Ivanc\\OneDrive\\Escritorio\\projects\\personal\\inversora-api\\src\\modules\\funds\\entities\\fund-holdings.schema.ts": {"lines":{"total":6,"covered":6,"skipped":0,"pct":100},"functions":{"total":0,"covered":0,"skipped":0,"pct":100},"statements":{"total":6,"covered":6,"skipped":0,"pct":100},"branches":{"total":0,"covered":0,"skipped":0,"pct":100}}
,"C:\\Users\\Ivanc\\OneDrive\\Escritorio\\projects\\personal\\inversora-api\\src\\modules\\funds\\entities\\fund-list.mapper.ts": {"lines":{"total":26,"covered":26,"skipped":0,"pct":100},"functions":{"total":3,"covered":3,"skipped":0,"pct":100},"statements":{"total":26,"covered":26,"skipped":0,"pct":100},"branches":{"total":32,"covered":30,"skipped":0,"pct":93.75}}
,"C:\\Users\\Ivanc\\OneDrive\\Escritorio\\projects\\personal\\inversora-api\\src\\modules\\funds\\entities\\fund-list.schema.ts": {"lines":{"total":8,"covered":8,"skipped":0,"pct":100},"functions":{"total":1,"covered":1,"skipped":0,"pct":100},"statements":{"total":8,"covered":8,"skipped":0,"pct":100},"branches":{"total":0,"covered":0,"skipped":0,"pct":100}}
,"C:\\Users\\Ivanc\\OneDrive\\Escritorio\\projects\\personal\\inversora-api\\src\\modules\\funds\\entities\\fund-price.mapper.ts": {"lines":{"total":19,"covered":19,"skipped":0,"pct":100},"functions":{"total":9,"covered":9,"skipped":0,"pct":100},"statements":{"total":19,"covered":19,"skipped":0,"pct":100},"branches":{"total":14,"covered":12,"skipped":0,"pct":85.71}}
,"C:\\Users\\Ivanc\\OneDrive\\Escritorio\\projects\\personal\\inversora-api\\src\\modules\\funds\\entities\\fund-price.schema.ts": {"lines":{"total":5,"covered":5,"skipped":0,"pct":100},"functions":{"total":0,"covered":0,"skipped":0,"pct":100},"statements":{"total":5,"covered":5,"skipped":0,"pct":100},"branches":{"total":0,"covered":0,"skipped":0,"pct":100}}
,"C:\\Users\\Ivanc\\OneDrive\\Escritorio\\projects\\personal\\inversora-api\\src\\modules\\funds\\entities\\fund-sector-exposure.mapper.ts": {"lines":{"total":4,"covered":4,"skipped":0,"pct":100},"functions":{"total":2,"covered":2,"skipped":0,"pct":100},"statements":{"total":4,"covered":4,"skipped":0,"pct":100},"branches":{"total":0,"covered":0,"skipped":0,"pct":100}}
,"C:\\Users\\Ivanc\\OneDrive\\Escritorio\\projects\\personal\\inversora-api\\src\\modules\\funds\\entities\\fund-sector-exposure.schema.ts": {"lines":{"total":6,"covered":6,"skipped":0,"pct":100},"functions":{"total":0,"covered":0,"skipped":0,"pct":100},"statements":{"total":6,"covered":6,"skipped":0,"pct":100},"branches":{"total":0,"covered":0,"skipped":0,"pct":100}}
,"C:\\Users\\Ivanc\\OneDrive\\Escritorio\\projects\\personal\\inversora-api\\src\\modules\\funds\\entities\\fund.mapper.ts": {"lines":{"total":50,"covered":42,"skipped":0,"pct":84},"functions":{"total":13,"covered":13,"skipped":0,"pct":100},"statements":{"total":50,"covered":42,"skipped":0,"pct":84},"branches":{"total":62,"covered":53,"skipped":0,"pct":85.48}}
,"C:\\Users\\Ivanc\\OneDrive\\Escritorio\\projects\\personal\\inversora-api\\src\\modules\\funds\\entities\\fund.schema.ts": {"lines":{"total":9,"covered":9,"skipped":0,"pct":100},"functions":{"total":0,"covered":0,"skipped":0,"pct":100},"statements":{"total":9,"covered":9,"skipped":0,"pct":100},"branches":{"total":0,"covered":0,"skipped":0,"pct":100}}
,"C:\\Users\\Ivanc\\OneDrive\\Escritorio\\projects\\personal\\inversora-api\\src\\modules\\funds\\repositories\\fund-composition.repository.ts": {"lines":{"total":51,"covered":51,"skipped":0,"pct":100},"functions":{"total":17,"covered":17,"skipped":0,"pct":100},"statements":{"total":53,"covered":53,"skipped":0,"pct":100},"branches":{"total":28,"covered":24,"skipped":0,"pct":85.71}}
,"C:\\Users\\Ivanc\\OneDrive\\Escritorio\\projects\\personal\\inversora-api\\src\\modules\\funds\\repositories\\fund-prices.repository.ts": {"lines":{"total":21,"covered":21,"skipped":0,"pct":100},"functions":{"total":6,"covered":5,"skipped":0,"pct":83.33},"statements":{"total":25,"covered":24,"skipped":0,"pct":96},"branches":{"total":17,"covered":16,"skipped":0,"pct":94.11}}
,"C:\\Users\\Ivanc\\OneDrive\\Escritorio\\projects\\personal\\inversora-api\\src\\modules\\funds\\repositories\\funds.repository.ts": {"lines":{"total":22,"covered":22,"skipped":0,"pct":100},"functions":{"total":9,"covered":9,"skipped":0,"pct":100},"statements":{"total":25,"covered":25,"skipped":0,"pct":100},"branches":{"total":8,"covered":6,"skipped":0,"pct":75}}
,"C:\\Users\\Ivanc\\OneDrive\\Escritorio\\projects\\personal\\inversora-api\\src\\modules\\funds\\services\\fund-composition.service.ts": {"lines":{"total":15,"covered":15,"skipped":0,"pct":100},"functions":{"total":9,"covered":9,"skipped":0,"pct":100},"statements":{"total":17,"covered":17,"skipped":0,"pct":100},"branches":{"total":5,"covered":4,"skipped":0,"pct":80}}
,"C:\\Users\\Ivanc\\OneDrive\\Escritorio\\projects\\personal\\inversora-api\\src\\modules\\funds\\services\\fund-daily-sync.service.ts": {"lines":{"total":39,"covered":39,"skipped":0,"pct":100},"functions":{"total":8,"covered":8,"skipped":0,"pct":100},"statements":{"total":42,"covered":42,"skipped":0,"pct":100},"branches":{"total":30,"covered":25,"skipped":0,"pct":83.33}}
,"C:\\Users\\Ivanc\\OneDrive\\Escritorio\\projects\\personal\\inversora-api\\src\\modules\\funds\\services\\fund-price-sync.service.ts": {"lines":{"total":32,"covered":32,"skipped":0,"pct":100},"functions":{"total":3,"covered":3,"skipped":0,"pct":100},"statements":{"total":34,"covered":34,"skipped":0,"pct":100},"branches":{"total":32,"covered":29,"skipped":0,"pct":90.62}}
,"C:\\Users\\Ivanc\\OneDrive\\Escritorio\\projects\\personal\\inversora-api\\src\\modules\\funds\\services\\fund-prices.service.ts": {"lines":{"total":14,"covered":14,"skipped":0,"pct":100},"functions":{"total":7,"covered":7,"skipped":0,"pct":100},"statements":{"total":16,"covered":16,"skipped":0,"pct":100},"branches":{"total":5,"covered":4,"skipped":0,"pct":80}}
,"C:\\Users\\Ivanc\\OneDrive\\Escritorio\\projects\\personal\\inversora-api\\src\\modules\\funds\\services\\fund-sync.service.ts": {"lines":{"total":17,"covered":17,"skipped":0,"pct":100},"functions":{"total":2,"covered":2,"skipped":0,"pct":100},"statements":{"total":19,"covered":19,"skipped":0,"pct":100},"branches":{"total":17,"covered":14,"skipped":0,"pct":82.35}}
,"C:\\Users\\Ivanc\\OneDrive\\Escritorio\\projects\\personal\\inversora-api\\src\\modules\\funds\\services\\funds.service.ts": {"lines":{"total":81,"covered":81,"skipped":0,"pct":100},"functions":{"total":12,"covered":12,"skipped":0,"pct":100},"statements":{"total":83,"covered":83,"skipped":0,"pct":100},"branches":{"total":46,"covered":43,"skipped":0,"pct":93.47}}
,"C:\\Users\\Ivanc\\OneDrive\\Escritorio\\projects\\personal\\inversora-api\\src\\modules\\providers\\financial-modeling-prep\\financial-modeling-prep.client.ts": {"lines":{"total":33,"covered":33,"skipped":0,"pct":100},"functions":{"total":9,"covered":9,"skipped":0,"pct":100},"statements":{"total":35,"covered":35,"skipped":0,"pct":100},"branches":{"total":20,"covered":15,"skipped":0,"pct":75}}
,"C:\\Users\\Ivanc\\OneDrive\\Escritorio\\projects\\personal\\inversora-api\\src\\modules\\providers\\financial-modeling-prep\\financial-modeling-prep.constants.ts": {"lines":{"total":2,"covered":2,"skipped":0,"pct":100},"functions":{"total":0,"covered":0,"skipped":0,"pct":100},"statements":{"total":2,"covered":2,"skipped":0,"pct":100},"branches":{"total":0,"covered":0,"skipped":0,"pct":100}}
,"C:\\Users\\Ivanc\\OneDrive\\Escritorio\\projects\\personal\\inversora-api\\src\\modules\\providers\\financial-modeling-prep\\financial-modeling-prep.domain.schemas.ts": {"lines":{"total":7,"covered":7,"skipped":0,"pct":100},"functions":{"total":0,"covered":0,"skipped":0,"pct":100},"statements":{"total":7,"covered":7,"skipped":0,"pct":100},"branches":{"total":0,"covered":0,"skipped":0,"pct":100}}
,"C:\\Users\\Ivanc\\OneDrive\\Escritorio\\projects\\personal\\inversora-api\\src\\modules\\providers\\financial-modeling-prep\\financial-modeling-prep.fixture.service.ts": {"lines":{"total":41,"covered":39,"skipped":0,"pct":95.12},"functions":{"total":7,"covered":7,"skipped":0,"pct":100},"statements":{"total":43,"covered":41,"skipped":0,"pct":95.34},"branches":{"total":36,"covered":33,"skipped":0,"pct":91.66}}
,"C:\\Users\\Ivanc\\OneDrive\\Escritorio\\projects\\personal\\inversora-api\\src\\modules\\providers\\financial-modeling-prep\\financial-modeling-prep.normalizers.ts": {"lines":{"total":44,"covered":44,"skipped":0,"pct":100},"functions":{"total":21,"covered":21,"skipped":0,"pct":100},"statements":{"total":47,"covered":47,"skipped":0,"pct":100},"branches":{"total":32,"covered":30,"skipped":0,"pct":93.75}}
,"C:\\Users\\Ivanc\\OneDrive\\Escritorio\\projects\\personal\\inversora-api\\src\\modules\\providers\\financial-modeling-prep\\financial-modeling-prep.provider.ts": {"lines":{"total":72,"covered":71,"skipped":0,"pct":98.61},"functions":{"total":16,"covered":16,"skipped":0,"pct":100},"statements":{"total":74,"covered":73,"skipped":0,"pct":98.64},"branches":{"total":47,"covered":41,"skipped":0,"pct":87.23}}
,"C:\\Users\\Ivanc\\OneDrive\\Escritorio\\projects\\personal\\inversora-api\\src\\modules\\providers\\financial-modeling-prep\\financial-modeling-prep.raw.schemas.ts": {"lines":{"total":5,"covered":5,"skipped":0,"pct":100},"functions":{"total":0,"covered":0,"skipped":0,"pct":100},"statements":{"total":5,"covered":5,"skipped":0,"pct":100},"branches":{"total":0,"covered":0,"skipped":0,"pct":100}}
,"C:\\Users\\Ivanc\\OneDrive\\Escritorio\\projects\\personal\\inversora-api\\src\\modules\\providers\\financial-modeling-prep\\index-fund.filters.ts": {"lines":{"total":15,"covered":15,"skipped":0,"pct":100},"functions":{"total":2,"covered":2,"skipped":0,"pct":100},"statements":{"total":15,"covered":15,"skipped":0,"pct":100},"branches":{"total":9,"covered":9,"skipped":0,"pct":100}}
,"C:\\Users\\Ivanc\\OneDrive\\Escritorio\\projects\\personal\\inversora-api\\src\\modules\\scoring\\entities\\fund-scoring-metrics.builder.ts": {"lines":{"total":68,"covered":66,"skipped":0,"pct":97.05},"functions":{"total":12,"covered":12,"skipped":0,"pct":100},"statements":{"total":69,"covered":67,"skipped":0,"pct":97.1},"branches":{"total":40,"covered":37,"skipped":0,"pct":92.5}}
,"C:\\Users\\Ivanc\\OneDrive\\Escritorio\\projects\\personal\\inversora-api\\src\\modules\\scoring\\entities\\invesora-score.schema.ts": {"lines":{"total":3,"covered":3,"skipped":0,"pct":100},"functions":{"total":0,"covered":0,"skipped":0,"pct":100},"statements":{"total":3,"covered":3,"skipped":0,"pct":100},"branches":{"total":0,"covered":0,"skipped":0,"pct":100}}
,"C:\\Users\\Ivanc\\OneDrive\\Escritorio\\projects\\personal\\inversora-api\\src\\modules\\scoring\\entities\\score-factor.calculators.ts": {"lines":{"total":116,"covered":115,"skipped":0,"pct":99.13},"functions":{"total":22,"covered":22,"skipped":0,"pct":100},"statements":{"total":116,"covered":115,"skipped":0,"pct":99.13},"branches":{"total":68,"covered":61,"skipped":0,"pct":89.7}}
,"C:\\Users\\Ivanc\\OneDrive\\Escritorio\\projects\\personal\\inversora-api\\src\\modules\\scoring\\entities\\score-summary.builder.ts": {"lines":{"total":27,"covered":27,"skipped":0,"pct":100},"functions":{"total":10,"covered":10,"skipped":0,"pct":100},"statements":{"total":28,"covered":28,"skipped":0,"pct":100},"branches":{"total":14,"covered":14,"skipped":0,"pct":100}}
,"C:\\Users\\Ivanc\\OneDrive\\Escritorio\\projects\\personal\\inversora-api\\src\\modules\\scoring\\entities\\score-utils.ts": {"lines":{"total":23,"covered":23,"skipped":0,"pct":100},"functions":{"total":8,"covered":8,"skipped":0,"pct":100},"statements":{"total":23,"covered":23,"skipped":0,"pct":100},"branches":{"total":18,"covered":18,"skipped":0,"pct":100}}
,"C:\\Users\\Ivanc\\OneDrive\\Escritorio\\projects\\personal\\inversora-api\\src\\modules\\scoring\\entities\\score-weights.ts": {"lines":{"total":3,"covered":3,"skipped":0,"pct":100},"functions":{"total":0,"covered":0,"skipped":0,"pct":100},"statements":{"total":3,"covered":3,"skipped":0,"pct":100},"branches":{"total":0,"covered":0,"skipped":0,"pct":100}}
,"C:\\Users\\Ivanc\\OneDrive\\Escritorio\\projects\\personal\\inversora-api\\src\\modules\\scoring\\services\\scoring.service.ts": {"lines":{"total":71,"covered":71,"skipped":0,"pct":100},"functions":{"total":13,"covered":13,"skipped":0,"pct":100},"statements":{"total":74,"covered":74,"skipped":0,"pct":100},"branches":{"total":23,"covered":19,"skipped":0,"pct":82.6}}
,"C:\\Users\\Ivanc\\OneDrive\\Escritorio\\projects\\personal\\inversora-api\\src\\shared\\config\\config.service.ts": {"lines":{"total":23,"covered":23,"skipped":0,"pct":100},"functions":{"total":20,"covered":20,"skipped":0,"pct":100},"statements":{"total":25,"covered":25,"skipped":0,"pct":100},"branches":{"total":4,"covered":3,"skipped":0,"pct":75}}
,"C:\\Users\\Ivanc\\OneDrive\\Escritorio\\projects\\personal\\inversora-api\\src\\shared\\config\\env.schema.ts": {"lines":{"total":15,"covered":15,"skipped":0,"pct":100},"functions":{"total":8,"covered":8,"skipped":0,"pct":100},"statements":{"total":15,"covered":15,"skipped":0,"pct":100},"branches":{"total":2,"covered":2,"skipped":0,"pct":100}}
,"C:\\Users\\Ivanc\\OneDrive\\Escritorio\\projects\\personal\\inversora-api\\src\\shared\\database\\prisma.service.ts": {"lines":{"total":5,"covered":5,"skipped":0,"pct":100},"functions":{"total":2,"covered":2,"skipped":0,"pct":100},"statements":{"total":7,"covered":7,"skipped":0,"pct":100},"branches":{"total":0,"covered":0,"skipped":0,"pct":100}}
,"C:\\Users\\Ivanc\\OneDrive\\Escritorio\\projects\\personal\\inversora-api\\src\\shared\\http\\external-http.error.ts": {"lines":{"total":8,"covered":8,"skipped":0,"pct":100},"functions":{"total":1,"covered":1,"skipped":0,"pct":100},"statements":{"total":8,"covered":8,"skipped":0,"pct":100},"branches":{"total":4,"covered":4,"skipped":0,"pct":100}}
,"C:\\Users\\Ivanc\\OneDrive\\Escritorio\\projects\\personal\\inversora-api\\src\\shared\\http\\http-client.service.ts": {"lines":{"total":83,"covered":74,"skipped":0,"pct":89.15},"functions":{"total":22,"covered":21,"skipped":0,"pct":95.45},"statements":{"total":86,"covered":77,"skipped":0,"pct":89.53},"branches":{"total":54,"covered":44,"skipped":0,"pct":81.48}}
}
